{
  "RSpec": {
    "coverage": {
      "/home/gustavo/workspace/projetos/codehunter/app/mailers/job_application_mailer.rb": {
        "lines": [
          null,
          null,
          1,
          1,
          null,
          1,
          4,
          4,
          null,
          null
        ]
      },
      "/home/gustavo/workspace/projetos/codehunter/app/mailers/application_mailer.rb": {
        "lines": [
          null,
          null,
          1,
          1,
          1,
          null
        ]
      },
      "/home/gustavo/workspace/projetos/codehunter/app/models/application.rb": {
        "lines": [
          null,
          null,
          1,
          1,
          1,
          1,
          1,
          1,
          null,
          1,
          null
        ]
      },
      "/home/gustavo/workspace/projetos/codehunter/app/models/feedback.rb": {
        "lines": [
          null,
          null,
          1,
          1,
          null,
          1,
          null
        ]
      },
      "/home/gustavo/workspace/projetos/codehunter/app/models/job.rb": {
        "lines": [
          null,
          null,
          1,
          1,
          null,
          null,
          null,
          null,
          1,
          1,
          1,
          1,
          null,
          1,
          null
        ]
      },
      "/home/gustavo/workspace/projetos/codehunter/app/models/message.rb": {
        "lines": [
          null,
          null,
          1,
          1,
          null
        ]
      },
      "/home/gustavo/workspace/projetos/codehunter/app/models/profile.rb": {
        "lines": [
          null,
          null,
          1,
          1,
          1,
          null,
          1,
          25,
          null,
          null
        ]
      },
      "/home/gustavo/workspace/projetos/codehunter/app/models/proposal.rb": {
        "lines": [
          null,
          null,
          1,
          1,
          1,
          1,
          null,
          1,
          null
        ]
      },
      "/home/gustavo/workspace/projetos/codehunter/app/controllers/application_controller.rb": {
        "lines": [
          null,
          null,
          1,
          1,
          null,
          1,
          null,
          1,
          null,
          1,
          30,
          null,
          25,
          null,
          null,
          1,
          5,
          4,
          null,
          2,
          20,
          null,
          1,
          null,
          1,
          null,
          null,
          null
        ]
      },
      "/home/gustavo/workspace/projetos/codehunter/app/controllers/jobs_controller.rb": {
        "lines": [
          null,
          null,
          1,
          1,
          1,
          null,
          null,
          1,
          25,
          null,
          null,
          1,
          12,
          null,
          null,
          1,
          3,
          null,
          null,
          1,
          2,
          2,
          1,
          1,
          null,
          1,
          null,
          null,
          null,
          1,
          14,
          null,
          null,
          1,
          10,
          10,
          null,
          null,
          1,
          2,
          2,
          2,
          2,
          null,
          null,
          1,
          null,
          1,
          2,
          null,
          null,
          null,
          null,
          null,
          null,
          1,
          30,
          1,
          null,
          null,
          null,
          1,
          14,
          2,
          null,
          null,
          null
        ]
      },
      "/home/gustavo/workspace/projetos/codehunter/app/controllers/applications_controller.rb": {
        "lines": [
          null,
          null,
          1,
          1,
          1,
          1,
          1,
          1,
          1,
          null,
          1,
          19,
          null,
          null,
          1,
          32,
          32,
          32,
          32,
          1,
          null,
          null,
          null,
          1,
          5,
          null,
          null,
          1,
          3,
          3,
          3,
          3,
          3,
          3,
          3,
          null,
          null,
          null,
          1,
          3,
          3,
          3,
          3,
          null,
          null,
          1,
          3,
          3,
          3,
          3,
          null,
          null,
          1,
          2,
          2,
          2,
          2,
          null,
          null,
          1,
          null,
          1,
          3,
          null,
          null,
          1,
          45,
          26,
          25,
          411,
          1,
          null,
          null,
          null,
          1,
          null,
          null,
          null,
          null,
          1,
          11,
          2,
          null,
          null,
          null,
          1,
          32,
          0,
          null,
          null,
          null,
          1,
          9,
          9,
          1,
          null,
          null,
          null
        ]
      },
      "/home/gustavo/workspace/projetos/codehunter/app/controllers/profiles_controller.rb": {
        "lines": [
          null,
          null,
          1,
          1,
          1,
          1,
          null,
          1,
          7,
          null,
          null,
          1,
          5,
          null,
          null,
          1,
          2,
          2,
          2,
          2,
          null,
          0,
          null,
          null,
          null,
          1,
          5,
          null,
          null,
          1,
          2,
          2,
          null,
          null,
          1,
          null,
          1,
          4,
          null,
          null,
          null,
          null,
          null,
          null,
          null,
          null,
          1,
          8,
          1,
          null,
          null,
          null,
          1,
          15,
          15,
          1,
          null,
          null,
          null,
          null
        ]
      },
      "/home/gustavo/workspace/projetos/codehunter/app/controllers/home_controller.rb": {
        "lines": [
          null,
          null,
          1,
          1,
          null
        ]
      },
      "/home/gustavo/workspace/projetos/codehunter/app/controllers/proposals_controller.rb": {
        "lines": [
          null,
          null,
          1,
          1,
          1,
          null,
          1,
          32,
          22,
          10,
          10,
          null,
          null,
          null,
          1,
          12,
          12,
          null,
          null,
          1,
          1,
          1,
          null,
          null,
          1,
          1,
          1,
          1,
          1,
          1,
          1,
          1,
          1,
          null,
          0,
          null,
          null,
          null,
          1,
          5,
          5,
          5,
          null,
          null,
          1,
          5,
          5,
          5,
          5,
          5,
          5,
          null,
          null,
          1,
          3,
          3,
          3,
          null,
          null,
          1,
          3,
          3,
          3,
          3,
          3,
          null,
          null,
          1,
          null,
          1,
          9,
          null,
          null,
          null,
          null,
          1,
          20,
          0,
          null,
          null,
          null,
          1,
          5,
          5,
          5,
          7,
          null,
          null,
          null
        ]
      },
      "/home/gustavo/workspace/projetos/codehunter/app/controllers/messages_controller.rb": {
        "lines": [
          null,
          null,
          1,
          1,
          null,
          1,
          1,
          1,
          null,
          null,
          1,
          1,
          1,
          1,
          1,
          1,
          1,
          null,
          0,
          null,
          null,
          null,
          1,
          null,
          1,
          1,
          null,
          null
        ]
      },
      "/home/gustavo/workspace/projetos/codehunter/app/controllers/feedbacks_controller.rb": {
        "lines": [
          null,
          null,
          1,
          1,
          null,
          1,
          2,
          2,
          null,
          null,
          1,
          2,
          2,
          2,
          2,
          1,
          1,
          1,
          null,
          1,
          null,
          null,
          null,
          1,
          null,
          1,
          2,
          null,
          null
        ]
      },
      "/home/gustavo/workspace/projetos/codehunter/app/controllers/api/v1/JobsController.rb": {
        "lines": [
          null,
          null,
          1,
          1,
          null,
          1,
          2,
          2,
          1,
          null,
          null,
          null,
          1,
          null,
          null,
          1,
          2,
          1,
          null,
          null,
          null,
          1,
          3,
          3,
          1,
          null,
          null,
          null,
          1,
          3,
          3,
          1,
          null,
          null,
          1,
          null,
          null,
          null,
          1,
          3,
          3,
          2,
          1,
          null,
          1,
          null,
          null,
          null,
          1,
          null,
          1,
          6,
          null,
          null,
          null,
          null
        ]
      },
      "/home/gustavo/workspace/projetos/codehunter/app/controllers/api/v1/ApiController.rb": {
        "lines": [
          null,
          null,
          1,
          1,
          1,
          1,
          null,
          1,
          null,
          1,
          3,
          null,
          null,
          1,
          1,
          null,
          null,
          1,
          1,
          null,
          null
        ]
      },
      "/home/gustavo/workspace/projetos/codehunter/app/jobs/application_job.rb": {
        "lines": [
          null,
          null,
          0,
          null,
          null,
          null,
          null,
          null,
          0
        ],
        "branches": {
        }
      },
      "/home/gustavo/workspace/projetos/codehunter/app/models/application_record.rb": {
        "lines": [
          null,
          null,
          0,
          0,
          0
        ],
        "branches": {
        }
      },
      "/home/gustavo/workspace/projetos/codehunter/app/models/candidate.rb": {
        "lines": [
          null,
          null,
          0,
          null,
          null,
          0,
          0,
          null,
          0,
          0,
          0,
          0,
          0
        ],
        "branches": {
        }
      },
      "/home/gustavo/workspace/projetos/codehunter/app/models/headhunter.rb": {
        "lines": [
          null,
          null,
          0,
          null,
          null,
          0,
          0,
          null,
          0,
          0,
          0,
          0,
          0
        ],
        "branches": {
        }
      },
      "/home/gustavo/workspace/projetos/codehunter/app/helpers/application_helper.rb": {
        "lines": [
          null,
          null,
          0,
          0
        ],
        "branches": {
        }
      },
      "/home/gustavo/workspace/projetos/codehunter/app/channels/application_cable/connection.rb": {
        "lines": [
          null,
          null,
          0,
          0,
          0,
          0
        ],
        "branches": {
        }
      },
      "/home/gustavo/workspace/projetos/codehunter/app/channels/application_cable/channel.rb": {
        "lines": [
          null,
          null,
          0,
          0,
          0,
          0
        ],
        "branches": {
        }
      }
    },
    "timestamp": 1580683735
  }
}
